2022-10-07 00:02:20,140 INFO PERFORMANCE:|0|0|-1|-1

2022-10-07 00:07:20,143 INFO PERFORMANCE:|0|0|-1|-1

2022-10-07 00:12:20,144 INFO PERFORMANCE:|0|0|-1|-1

2022-10-07 00:17:20,145 INFO PERFORMANCE:|0|0|-1|-1

2022-10-07 00:22:20,147 INFO PERFORMANCE:|0|0|-1|-1

2022-10-07 00:27:20,148 INFO PERFORMANCE:|0|0|-1|-1

2022-10-07 00:32:20,150 INFO PERFORMANCE:|0|0|-1|-1

2022-10-07 00:37:20,151 INFO PERFORMANCE:|0|0|-1|-1

2022-10-07 00:42:20,153 INFO PERFORMANCE:|0|0|-1|-1

2022-10-07 00:47:20,154 INFO PERFORMANCE:|0|0|-1|-1

2022-10-07 00:52:20,183 INFO PERFORMANCE:|0|0|-1|-1

2022-10-07 00:57:20,185 INFO PERFORMANCE:|0|0|-1|-1

2022-10-07 01:02:20,187 INFO PERFORMANCE:|0|0|-1|-1

2022-10-07 01:07:20,195 INFO PERFORMANCE:|0|0|-1|-1

2022-10-07 01:12:20,196 INFO PERFORMANCE:|0|0|-1|-1

2022-10-07 01:17:20,197 INFO PERFORMANCE:|0|0|-1|-1

2022-10-07 01:22:20,199 INFO PERFORMANCE:|0|0|-1|-1

2022-10-07 01:27:20,201 INFO PERFORMANCE:|0|0|-1|-1

2022-10-07 01:32:20,209 INFO PERFORMANCE:|0|0|-1|-1

2022-10-07 01:37:20,210 INFO PERFORMANCE:|0|0|-1|-1

2022-10-07 01:42:20,212 INFO PERFORMANCE:|0|0|-1|-1

2022-10-07 01:47:20,213 INFO PERFORMANCE:|0|0|-1|-1

2022-10-07 01:52:20,214 INFO PERFORMANCE:|0|0|-1|-1

2022-10-07 01:57:20,218 INFO PERFORMANCE:|0|0|-1|-1

2022-10-07 02:02:20,233 INFO PERFORMANCE:|0|0|-1|-1

2022-10-07 02:07:20,234 INFO PERFORMANCE:|0|0|-1|-1

2022-10-07 02:12:20,235 INFO PERFORMANCE:|0|0|-1|-1

2022-10-07 02:17:20,236 INFO PERFORMANCE:|0|0|-1|-1

2022-10-07 02:22:20,238 INFO PERFORMANCE:|0|0|-1|-1

2022-10-07 02:27:20,239 INFO PERFORMANCE:|0|0|-1|-1

2022-10-07 02:32:20,240 INFO PERFORMANCE:|0|0|-1|-1

2022-10-07 02:37:20,242 INFO PERFORMANCE:|0|0|-1|-1

2022-10-07 02:42:20,243 INFO PERFORMANCE:|0|0|-1|-1

2022-10-07 02:47:20,244 INFO PERFORMANCE:|0|0|-1|-1

2022-10-07 02:52:20,246 INFO PERFORMANCE:|0|0|-1|-1

2022-10-07 02:57:20,248 INFO PERFORMANCE:|0|0|-1|-1

2022-10-07 03:02:20,250 INFO PERFORMANCE:|0|0|-1|-1

2022-10-07 03:07:20,251 INFO PERFORMANCE:|0|0|-1|-1

2022-10-07 03:12:20,266 INFO PERFORMANCE:|0|0|-1|-1

2022-10-07 03:17:20,267 INFO PERFORMANCE:|0|0|-1|-1

2022-10-07 03:22:20,268 INFO PERFORMANCE:|0|0|-1|-1

2022-10-07 03:27:20,272 INFO PERFORMANCE:|0|0|-1|-1

2022-10-07 03:32:20,273 INFO PERFORMANCE:|0|0|-1|-1

2022-10-07 03:37:20,273 INFO PERFORMANCE:|0|0|-1|-1

2022-10-07 03:42:20,274 INFO PERFORMANCE:|0|0|-1|-1

2022-10-07 03:47:20,275 INFO PERFORMANCE:|0|0|-1|-1

2022-10-07 03:52:20,277 INFO PERFORMANCE:|0|0|-1|-1

2022-10-07 03:57:20,278 INFO PERFORMANCE:|0|0|-1|-1

2022-10-07 04:02:20,279 INFO PERFORMANCE:|0|0|-1|-1

2022-10-07 04:07:20,280 INFO PERFORMANCE:|0|0|-1|-1

2022-10-07 04:12:20,282 INFO PERFORMANCE:|0|0|-1|-1

2022-10-07 04:17:20,283 INFO PERFORMANCE:|0|0|-1|-1

2022-10-07 04:22:20,285 INFO PERFORMANCE:|0|0|-1|-1

2022-10-07 04:27:20,286 INFO PERFORMANCE:|0|0|-1|-1

2022-10-07 04:32:20,288 INFO PERFORMANCE:|0|0|-1|-1

2022-10-07 04:37:20,289 INFO PERFORMANCE:|0|0|-1|-1

2022-10-07 04:42:20,290 INFO PERFORMANCE:|0|0|-1|-1

2022-10-07 04:47:20,292 INFO PERFORMANCE:|0|0|-1|-1

2022-10-07 04:52:20,292 INFO PERFORMANCE:|0|0|-1|-1

2022-10-07 04:57:20,294 INFO PERFORMANCE:|0|0|-1|-1

2022-10-07 05:02:20,295 INFO PERFORMANCE:|0|0|-1|-1

2022-10-07 05:07:20,296 INFO PERFORMANCE:|0|0|-1|-1

2022-10-07 05:12:20,309 INFO PERFORMANCE:|0|0|-1|-1

2022-10-07 05:17:20,310 INFO PERFORMANCE:|0|0|-1|-1

2022-10-07 05:22:20,311 INFO PERFORMANCE:|0|0|-1|-1

2022-10-07 05:27:20,312 INFO PERFORMANCE:|0|0|-1|-1

2022-10-07 05:32:20,313 INFO PERFORMANCE:|0|0|-1|-1

2022-10-07 05:37:20,315 INFO PERFORMANCE:|0|0|-1|-1

2022-10-07 05:42:20,317 INFO PERFORMANCE:|0|0|-1|-1

2022-10-07 05:47:20,318 INFO PERFORMANCE:|0|0|-1|-1

2022-10-07 05:52:20,328 INFO PERFORMANCE:|0|0|-1|-1

2022-10-07 05:57:20,329 INFO PERFORMANCE:|0|0|-1|-1

2022-10-07 06:02:20,331 INFO PERFORMANCE:|0|0|-1|-1

2022-10-07 06:07:20,331 INFO PERFORMANCE:|0|0|-1|-1

2022-10-07 06:12:20,333 INFO PERFORMANCE:|0|0|-1|-1

2022-10-07 06:17:20,334 INFO PERFORMANCE:|0|0|-1|-1

2022-10-07 06:22:20,335 INFO PERFORMANCE:|0|0|-1|-1

2022-10-07 06:27:20,337 INFO PERFORMANCE:|0|0|-1|-1

2022-10-07 06:32:20,338 INFO PERFORMANCE:|0|0|-1|-1

2022-10-07 06:37:20,339 INFO PERFORMANCE:|0|0|-1|-1

2022-10-07 06:42:20,341 INFO PERFORMANCE:|0|0|-1|-1

2022-10-07 06:47:20,343 INFO PERFORMANCE:|0|0|-1|-1

2022-10-07 06:52:20,345 INFO PERFORMANCE:|0|0|-1|-1

2022-10-07 06:57:20,346 INFO PERFORMANCE:|0|0|-1|-1

2022-10-07 07:02:20,346 INFO PERFORMANCE:|0|0|-1|-1

2022-10-07 07:07:20,347 INFO PERFORMANCE:|0|0|-1|-1

2022-10-07 07:12:20,347 INFO PERFORMANCE:|0|0|-1|-1

2022-10-07 07:17:20,348 INFO PERFORMANCE:|0|0|-1|-1

2022-10-07 07:22:20,364 INFO PERFORMANCE:|0|0|-1|-1

2022-10-07 07:27:20,365 INFO PERFORMANCE:|0|0|-1|-1

2022-10-07 07:32:20,366 INFO PERFORMANCE:|0|0|-1|-1

2022-10-07 07:37:20,369 INFO PERFORMANCE:|0|0|-1|-1

2022-10-07 07:42:20,369 INFO PERFORMANCE:|0|0|-1|-1

2022-10-07 07:47:20,374 INFO PERFORMANCE:|0|0|-1|-1

2022-10-07 07:52:20,375 INFO PERFORMANCE:|0|0|-1|-1

2022-10-07 07:57:20,377 INFO PERFORMANCE:|0|0|-1|-1

2022-10-07 08:02:20,379 INFO PERFORMANCE:|0|0|-1|-1

2022-10-07 08:07:20,380 INFO PERFORMANCE:|0|0|-1|-1

2022-10-07 08:12:20,382 INFO PERFORMANCE:|0|0|-1|-1

2022-10-07 08:17:20,383 INFO PERFORMANCE:|0|0|-1|-1

2022-10-07 08:22:20,384 INFO PERFORMANCE:|0|0|-1|-1

2022-10-07 08:27:20,385 INFO PERFORMANCE:|0|0|-1|-1

2022-10-07 08:32:20,387 INFO PERFORMANCE:|0|0|-1|-1

2022-10-07 08:37:20,388 INFO PERFORMANCE:|0|0|-1|-1

2022-10-07 08:42:20,390 INFO PERFORMANCE:|0|0|-1|-1

2022-10-07 08:47:20,391 INFO PERFORMANCE:|0|0|-1|-1

2022-10-07 08:52:20,393 INFO PERFORMANCE:|0|0|-1|-1

2022-10-07 08:57:20,393 INFO PERFORMANCE:|0|0|-1|-1

2022-10-07 09:02:20,394 INFO PERFORMANCE:|0|0|-1|-1

2022-10-07 09:07:20,395 INFO PERFORMANCE:|0|0|-1|-1

2022-10-07 09:12:20,397 INFO PERFORMANCE:|0|0|-1|-1

2022-10-07 09:17:20,399 INFO PERFORMANCE:|0|0|-1|-1

2022-10-07 09:22:20,400 INFO PERFORMANCE:|0|0|-1|-1

2022-10-07 09:27:20,400 INFO PERFORMANCE:|0|0|-1|-1

2022-10-07 09:32:20,402 INFO PERFORMANCE:|0|0|-1|-1

2022-10-07 09:37:20,404 INFO PERFORMANCE:|0|0|-1|-1

2022-10-07 09:42:20,406 INFO PERFORMANCE:|0|0|-1|-1

2022-10-07 09:47:20,408 INFO PERFORMANCE:|0|0|-1|-1

2022-10-07 09:52:20,408 INFO PERFORMANCE:|0|0|-1|-1

2022-10-07 09:57:20,410 INFO PERFORMANCE:|0|0|-1|-1

2022-10-07 10:02:20,411 INFO PERFORMANCE:|0|0|-1|-1

2022-10-07 10:07:20,412 INFO PERFORMANCE:|0|0|-1|-1

2022-10-07 10:12:20,413 INFO PERFORMANCE:|0|0|-1|-1

2022-10-07 10:17:20,414 INFO PERFORMANCE:|0|0|-1|-1

2022-10-07 10:22:20,415 INFO PERFORMANCE:|0|0|-1|-1

2022-10-07 10:27:20,416 INFO PERFORMANCE:|0|0|-1|-1

2022-10-07 10:32:20,418 INFO PERFORMANCE:|0|0|-1|-1

2022-10-07 10:37:20,420 INFO PERFORMANCE:|0|0|-1|-1

2022-10-07 10:42:20,422 INFO PERFORMANCE:|0|0|-1|-1

2022-10-07 10:47:20,423 INFO PERFORMANCE:|0|0|-1|-1

2022-10-07 10:52:20,424 INFO PERFORMANCE:|0|0|-1|-1

2022-10-07 10:57:20,426 INFO PERFORMANCE:|0|0|-1|-1

2022-10-07 11:02:20,427 INFO PERFORMANCE:|0|0|-1|-1

2022-10-07 11:07:20,428 INFO PERFORMANCE:|0|0|-1|-1

2022-10-07 11:12:20,429 INFO PERFORMANCE:|0|0|-1|-1

2022-10-07 11:17:20,431 INFO PERFORMANCE:|0|0|-1|-1

2022-10-07 11:22:20,432 INFO PERFORMANCE:|0|0|-1|-1

2022-10-07 11:27:20,432 INFO PERFORMANCE:|0|0|-1|-1

2022-10-07 11:32:20,433 INFO PERFORMANCE:|0|0|-1|-1

2022-10-07 11:37:20,434 INFO PERFORMANCE:|0|0|-1|-1

2022-10-07 11:42:20,436 INFO PERFORMANCE:|0|0|-1|-1

2022-10-07 11:47:20,437 INFO PERFORMANCE:|0|0|-1|-1

2022-10-07 11:52:20,448 INFO PERFORMANCE:|0|0|-1|-1

2022-10-07 11:57:20,449 INFO PERFORMANCE:|0|0|-1|-1

2022-10-07 12:02:20,450 INFO PERFORMANCE:|0|0|-1|-1

2022-10-07 12:07:20,452 INFO PERFORMANCE:|0|0|-1|-1

2022-10-07 12:12:20,453 INFO PERFORMANCE:|0|0|-1|-1

2022-10-07 12:17:20,454 INFO PERFORMANCE:|0|0|-1|-1

2022-10-07 12:22:20,455 INFO PERFORMANCE:|0|0|-1|-1

2022-10-07 12:27:20,456 INFO PERFORMANCE:|0|0|-1|-1

2022-10-07 12:32:20,461 INFO PERFORMANCE:|0|0|-1|-1

2022-10-07 12:37:20,461 INFO PERFORMANCE:|0|0|-1|-1

2022-10-07 12:42:20,462 INFO PERFORMANCE:|0|0|-1|-1

2022-10-07 12:47:20,464 INFO PERFORMANCE:|0|0|-1|-1

2022-10-07 12:52:20,465 INFO PERFORMANCE:|0|0|-1|-1

2022-10-07 12:57:20,466 INFO PERFORMANCE:|0|0|-1|-1

2022-10-07 13:02:20,467 INFO PERFORMANCE:|0|0|-1|-1

2022-10-07 13:07:20,469 INFO PERFORMANCE:|0|0|-1|-1

2022-10-07 13:12:20,470 INFO PERFORMANCE:|0|0|-1|-1

2022-10-07 13:17:20,487 INFO PERFORMANCE:|0|0|-1|-1

2022-10-07 13:22:20,489 INFO PERFORMANCE:|0|0|-1|-1

2022-10-07 13:27:20,490 INFO PERFORMANCE:|0|0|-1|-1

2022-10-07 13:32:20,490 INFO PERFORMANCE:|0|0|-1|-1

2022-10-07 16:37:19,970 INFO PERFORMANCE:|0|0|-1|-1

